<?xml version="1.0" encoding="UTF-8"?>
<!-- Generated by org.testng.reporters.JUnitXMLReporter -->
<testsuite ignored="2" hostname="DESKTOP-JET7EDG" failures="0" tests="1" name="Default test" time="19.464" errors="0" timestamp="2023-12-29T19:02:24 IST">
  <testcase classname="testCases.LoginPageTest" name="verifyURLOfApplicationTest" time="3.158"/>
  <testcase classname="testCases.LoginPageTest" name="verifyTitleOfApplicationTest" time="0.0">
    <ignored/>
  </testcase> <!-- verifyTitleOfApplicationTest -->
  <testcase classname="testCases.LoginPageTest" name="loginToApplicationTest" time="0.0">
    <ignored/>
  </testcase> <!-- loginToApplicationTest -->
</testsuite> <!-- Default test -->
