<?xml version="1.0" encoding="UTF-8"?>
<!-- Generated by org.testng.reporters.JUnitXMLReporter -->
<testsuite ignored="3" hostname="DESKTOP-JET7EDG" failures="0" tests="6" name="Sanity_Retesting_Regreesion_Test" time="72.382" errors="0" timestamp="2023-12-29T19:14:48 IST">
  <testcase classname="testCases.Cart_Page_Test" name="verifyCartPageUrlTest" time="3.268"/>
  <testcase classname="testCases.LoginPageTest" name="loginToApplicationTest" time="1.13"/>
  <testcase classname="testCases.LoginPageTest" name="verifyURLOfApplicationTest" time="0.291"/>
  <testcase classname="testCases.Inventory_Page_Test" name="add6ProductTest" time="1.671"/>
  <testcase classname="testCases.Inventory_Page_Test" name="remove2ProductTest" time="1.891"/>
  <testcase classname="testCases.Inventory_Page_Test" name="verifyTwitterLogoTest" time="0.137"/>
  <testcase classname="testCases.Cart_Page_Test" name="verifyCartPageLableTest" time="0.0">
    <ignored/>
  </testcase> <!-- verifyCartPageLableTest -->
  <testcase classname="testCases.Inventory_Page_Test" name="verifyProductLableTest" time="0.0">
    <ignored/>
  </testcase> <!-- verifyProductLableTest -->
  <testcase classname="testCases.LoginPageTest" name="verifyTitleOfApplicationTest" time="0.0">
    <ignored/>
  </testcase> <!-- verifyTitleOfApplicationTest -->
</testsuite> <!-- Sanity_Retesting_Regreesion_Test -->
