<?xml version="1.0" encoding="UTF-8"?>
<!-- Generated by org.testng.reporters.JUnitXMLReporter -->
<testsuite ignored="0" hostname="DESKTOP-JET7EDG" failures="0" tests="13" name="Test" time="96.916" errors="0" timestamp="2024-01-03T18:29:24 IST">
  <testcase classname="testCases.Cart_Page_Test" name="verifyCartPageLableTest" time="1.571"/>
  <testcase classname="testCases.Cart_Page_Test" name="verifyCartPageUrlTest" time="0.032"/>
  <testcase classname="testCases.CheackOutPage1Test" name="inputInfoTest" time="0.47"/>
  <testcase classname="testCases.CheackOutPage1Test" name="verifyURLTest" time="0.013"/>
  <testcase classname="testCases.LoginPageTest" name="verifyTitleOfApplicationTest" time="0.082"/>
  <testcase classname="testCases.LoginPageTest" name="loginToApplicationTest" time="0.399"/>
  <testcase classname="testCases.LoginPageTest" name="verifyURLOfApplicationTest" time="0.031"/>
  <testcase classname="testCases.Inventory_Page_Test" name="add6ProductTest" time="0.565"/>
  <testcase classname="testCases.Inventory_Page_Test" name="add6ProductTest" time="0.541"/>
  <testcase classname="testCases.Inventory_Page_Test" name="add6ProductTest" time="0.486"/>
  <testcase classname="testCases.Inventory_Page_Test" name="remove2ProductTest" time="0.612"/>
  <testcase classname="testCases.Inventory_Page_Test" name="verifyProductLableTest" time="0.055"/>
  <testcase classname="testCases.Inventory_Page_Test" name="verifyTwitterLogoTest" time="0.042"/>
</testsuite> <!-- Test -->
