<?xml version="1.0" encoding="UTF-8"?>
<!-- Generated by org.testng.reporters.JUnitXMLReporter -->
<testsuite ignored="3" hostname="DESKTOP-JET7EDG" failures="0" tests="4" name="Login_Inventory_Test(failed)" time="44.008" errors="0" timestamp="2023-12-22T19:35:45 IST">
  <testcase classname="testCases.Inventory_Page_Test" name="remove2ProductTest" time="4.56"/>
  <testcase classname="testCases.Inventory_Page_Test" name="verifyProductLableTest" time="0.327"/>
  <testcase classname="testCases.LoginPageTest" name="verifyURLOfApplicationTest" time="0.072"/>
  <testcase classname="testCases.LoginPageTest" name="loginToApplicationTest" time="0.936"/>
  <testcase classname="testCases.Inventory_Page_Test" name="verifyTwitterLogoTest" time="0.0">
    <ignored/>
  </testcase> <!-- verifyTwitterLogoTest -->
  <testcase classname="testCases.Inventory_Page_Test" name="add6ProductTest" time="0.0">
    <ignored/>
  </testcase> <!-- add6ProductTest -->
  <testcase classname="testCases.LoginPageTest" name="verifyTitleOfApplicationTest" time="0.0">
    <ignored/>
  </testcase> <!-- verifyTitleOfApplicationTest -->
</testsuite> <!-- Login_Inventory_Test(failed) -->
