<?xml version="1.0" encoding="UTF-8"?>
<!-- Generated by org.testng.reporters.JUnitXMLReporter -->
<testsuite ignored="0" hostname="DESKTOP-JET7EDG" failures="0" tests="7" name="Login_Inventory_Test" time="79.18" errors="0" timestamp="2023-12-22T19:34:37 IST">
  <testcase classname="testCases.LoginPageTest" name="loginToApplicationTest" time="4.112"/>
  <testcase classname="testCases.LoginPageTest" name="verifyTitleOfApplicationTest" time="0.175"/>
  <testcase classname="testCases.LoginPageTest" name="verifyURLOfApplicationTest" time="0.077"/>
  <testcase classname="testCases.Inventory_Page_Test" name="add6ProductTest" time="1.537"/>
  <testcase classname="testCases.Inventory_Page_Test" name="remove2ProductTest" time="1.984"/>
  <testcase classname="testCases.Inventory_Page_Test" name="verifyProductLableTest" time="0.229"/>
  <testcase classname="testCases.Inventory_Page_Test" name="verifyTwitterLogoTest" time="0.151"/>
</testsuite> <!-- Login_Inventory_Test -->
